<?xml version="1.0" encoding="UTF-8"?>
<robot generator="Robot 6.0.2 (Python 3.9.10 on win32)" generated="20230607 23:45:53.296" rpa="false" schemaversion="3">
<suite id="s1" name="File" source="G:\keyword-main\src\test\java\robotframework\acceptance\file.robot">
<test id="s1-t1" name="Disabled Registration" line="5">
<kw name="Open Browser" library="SeleniumLibrary">
<arg>http://127.0.0.1:7000/</arg>
<arg>chrome</arg>
<arg>executable_path=G:\record\universe-master\src\test\chromedriver\chromedriver.exe</arg>
<doc>Opens a new browser instance to the optional ``url``.</doc>
<msg timestamp="20230607 23:45:53.524" level="INFO">Opening browser 'chrome' to base url 'http://127.0.0.1:7000/'.</msg>
<msg timestamp="20230607 23:45:53.525" level="INFO">Applicable driver not found; attempting to install with Selenium Manager (Beta)</msg>
<status status="PASS" starttime="20230607 23:45:53.524" endtime="20230607 23:45:57.033"/>
</kw>
<kw name="Set Window Size" library="SeleniumLibrary">
<arg>974</arg>
<arg>1040</arg>
<doc>Sets current windows size to given ``width`` and ``height``.</doc>
<status status="PASS" starttime="20230607 23:45:57.033" endtime="20230607 23:45:57.152"/>
</kw>
<kw name="Click Element" library="SeleniumLibrary">
<arg>css=.hero__button</arg>
<doc>Click the element identified by ``locator``.</doc>
<msg timestamp="20230607 23:45:57.153" level="INFO">Clicking element 'css=.hero__button'.</msg>
<status status="PASS" starttime="20230607 23:45:57.153" endtime="20230607 23:45:57.243"/>
</kw>
<kw name="Input Text" library="SeleniumLibrary">
<arg>id=sign-up__first-name</arg>
<arg>Andrii</arg>
<doc>Types the given ``text`` into the text field identified by ``locator``.</doc>
<msg timestamp="20230607 23:45:57.244" level="INFO">Typing text 'Andrii' into text field 'id=sign-up__first-name'.</msg>
<status status="PASS" starttime="20230607 23:45:57.244" endtime="20230607 23:45:57.329"/>
</kw>
<kw name="Input Text" library="SeleniumLibrary">
<arg>id=sign-up__last-name</arg>
<arg>Psarov</arg>
<doc>Types the given ``text`` into the text field identified by ``locator``.</doc>
<msg timestamp="20230607 23:45:57.330" level="INFO">Typing text 'Psarov' into text field 'id=sign-up__last-name'.</msg>
<status status="PASS" starttime="20230607 23:45:57.330" endtime="20230607 23:45:57.393"/>
</kw>
<kw name="Input Text" library="SeleniumLibrary">
<arg>id=sign-up__password</arg>
<arg>gdfhderfh</arg>
<doc>Types the given ``text`` into the text field identified by ``locator``.</doc>
<msg timestamp="20230607 23:45:57.394" level="INFO">Typing text 'gdfhderfh' into text field 'id=sign-up__password'.</msg>
<status status="PASS" starttime="20230607 23:45:57.394" endtime="20230607 23:45:57.464"/>
</kw>
<kw name="Click Element" library="SeleniumLibrary">
<arg>css=.form__button</arg>
<doc>Click the element identified by ``locator``.</doc>
<msg timestamp="20230607 23:45:57.465" level="INFO">Clicking element 'css=.form__button'.</msg>
<status status="PASS" starttime="20230607 23:45:57.464" endtime="20230607 23:45:57.504"/>
</kw>
<kw name="Get Text" library="SeleniumLibrary">
<var>${feedback}</var>
<arg>css=.form__row:nth-child(4) &gt; .form__feedback</arg>
<doc>Returns the text value of the element identified by ``locator``.</doc>
<msg timestamp="20230607 23:45:57.524" level="INFO">${feedback} = Enter a valid email</msg>
<status status="PASS" starttime="20230607 23:45:57.504" endtime="20230607 23:45:57.524"/>
</kw>
<kw name="Should Be Equal As Strings" library="BuiltIn">
<arg>${feedback}</arg>
<arg>Enter a valid email</arg>
<doc>Fails if objects are unequal after converting them to strings.</doc>
<status status="PASS" starttime="20230607 23:45:57.524" endtime="20230607 23:45:57.525"/>
</kw>
<kw name="Close Browser" library="SeleniumLibrary" type="TEARDOWN">
<doc>Closes the current browser.</doc>
<status status="PASS" starttime="20230607 23:45:57.525" endtime="20230607 23:45:59.634"/>
</kw>
<status status="PASS" starttime="20230607 23:45:53.523" endtime="20230607 23:45:59.634"/>
</test>
<test id="s1-t2" name="Login" line="17">
<kw name="Open Browser" library="SeleniumLibrary">
<arg>http://127.0.0.1:7000/</arg>
<arg>chrome</arg>
<arg>executable_path=G:\record\universe-master\src\test\chromedriver\chromedriver.exe</arg>
<doc>Opens a new browser instance to the optional ``url``.</doc>
<msg timestamp="20230607 23:45:59.637" level="INFO">Opening browser 'chrome' to base url 'http://127.0.0.1:7000/'.</msg>
<msg timestamp="20230607 23:45:59.637" level="INFO">Applicable driver not found; attempting to install with Selenium Manager (Beta)</msg>
<status status="PASS" starttime="20230607 23:45:59.636" endtime="20230607 23:46:03.142"/>
</kw>
<kw name="Set Window Size" library="SeleniumLibrary">
<arg>974</arg>
<arg>1040</arg>
<doc>Sets current windows size to given ``width`` and ``height``.</doc>
<status status="PASS" starttime="20230607 23:46:03.143" endtime="20230607 23:46:03.261"/>
</kw>
<kw name="Wait Until Element Is Visible" library="SeleniumLibrary">
<arg>link=Sign in</arg>
<doc>Waits until the element ``locator`` is visible.</doc>
<status status="PASS" starttime="20230607 23:46:03.261" endtime="20230607 23:46:03.304"/>
</kw>
<kw name="Click Element" library="SeleniumLibrary">
<arg>link=Sign in</arg>
<doc>Click the element identified by ``locator``.</doc>
<msg timestamp="20230607 23:46:03.305" level="INFO">Clicking element 'link=Sign in'.</msg>
<status status="PASS" starttime="20230607 23:46:03.305" endtime="20230607 23:46:03.386"/>
</kw>
<kw name="Wait Until Element Is Visible" library="SeleniumLibrary">
<arg>id=sign-in__email</arg>
<doc>Waits until the element ``locator`` is visible.</doc>
<status status="PASS" starttime="20230607 23:46:03.387" endtime="20230607 23:46:03.411"/>
</kw>
<kw name="Input Text" library="SeleniumLibrary">
<arg>id=sign-in__email</arg>
<arg>psarevandrej325@gmail.com</arg>
<doc>Types the given ``text`` into the text field identified by ``locator``.</doc>
<msg timestamp="20230607 23:46:03.412" level="INFO">Typing text 'psarevandrej325@gmail.com' into text field 'id=sign-in__email'.</msg>
<status status="PASS" starttime="20230607 23:46:03.412" endtime="20230607 23:46:03.501"/>
</kw>
<kw name="Wait Until Element Is Visible" library="SeleniumLibrary">
<arg>id=sign-in__password</arg>
<doc>Waits until the element ``locator`` is visible.</doc>
<status status="PASS" starttime="20230607 23:46:03.502" endtime="20230607 23:46:03.519"/>
</kw>
<kw name="Input Password" library="SeleniumLibrary">
<arg>id=sign-in__password</arg>
<arg>Fylhtq2001!</arg>
<doc>Types the given password into the text field identified by ``locator``.</doc>
<msg timestamp="20230607 23:46:03.519" level="INFO">Typing password into text field 'id=sign-in__password'.</msg>
<msg timestamp="20230607 23:46:03.544" level="INFO">Temporally setting log level to: NONE</msg>
<msg timestamp="20230607 23:46:03.584" level="INFO">Log level changed from NONE to INFO.</msg>
<status status="PASS" starttime="20230607 23:46:03.519" endtime="20230607 23:46:03.584"/>
</kw>
<kw name="Wait Until Element Is Visible" library="SeleniumLibrary">
<arg>css=.form__button</arg>
<doc>Waits until the element ``locator`` is visible.</doc>
<status status="PASS" starttime="20230607 23:46:03.584" endtime="20230607 23:46:03.601"/>
</kw>
<kw name="Click Element" library="SeleniumLibrary">
<arg>css=.form__button</arg>
<doc>Click the element identified by ``locator``.</doc>
<msg timestamp="20230607 23:46:03.602" level="INFO">Clicking element 'css=.form__button'.</msg>
<status status="PASS" starttime="20230607 23:46:03.602" endtime="20230607 23:46:03.841"/>
</kw>
<kw name="Wait Until Page Contains" library="SeleniumLibrary">
<arg>Home | Universe</arg>
<doc>Waits until ``text`` appears on the current page.</doc>
<status status="PASS" starttime="20230607 23:46:03.841" endtime="20230607 23:46:03.855"/>
</kw>
<status status="PASS" starttime="20230607 23:45:59.636" endtime="20230607 23:46:03.855"/>
</test>
<test id="s1-t3" name="Successful Add Blog Post" line="35">
<kw name="Open Browser" library="SeleniumLibrary">
<arg>http://127.0.0.1:7000/</arg>
<arg>chrome</arg>
<doc>Opens a new browser instance to the optional ``url``.</doc>
<msg timestamp="20230607 23:46:03.858" level="INFO">Opening browser 'chrome' to base url 'http://127.0.0.1:7000/'.</msg>
<msg timestamp="20230607 23:46:03.875" level="INFO">Applicable driver not found; attempting to install with Selenium Manager (Beta)</msg>
<status status="PASS" starttime="20230607 23:46:03.857" endtime="20230607 23:46:07.378"/>
</kw>
<kw name="Set Window Size" library="SeleniumLibrary">
<arg>974</arg>
<arg>1040</arg>
<doc>Sets current windows size to given ``width`` and ``height``.</doc>
<status status="PASS" starttime="20230607 23:46:07.379" endtime="20230607 23:46:07.496"/>
</kw>
<kw name="Wait Until Element Is Visible" library="SeleniumLibrary">
<arg>link=Sign in</arg>
<doc>Waits until the element ``locator`` is visible.</doc>
<status status="PASS" starttime="20230607 23:46:07.496" endtime="20230607 23:46:07.528"/>
</kw>
<kw name="Click Element" library="SeleniumLibrary">
<arg>link=Sign in</arg>
<doc>Click the element identified by ``locator``.</doc>
<msg timestamp="20230607 23:46:07.529" level="INFO">Clicking element 'link=Sign in'.</msg>
<status status="PASS" starttime="20230607 23:46:07.528" endtime="20230607 23:46:07.603"/>
</kw>
<kw name="Wait Until Element Is Visible" library="SeleniumLibrary">
<arg>id=sign-in__email</arg>
<doc>Waits until the element ``locator`` is visible.</doc>
<status status="PASS" starttime="20230607 23:46:07.604" endtime="20230607 23:46:07.629"/>
</kw>
<kw name="Input Text" library="SeleniumLibrary">
<arg>id=sign-in__email</arg>
<arg>psarevandrej325@gmail.com</arg>
<doc>Types the given ``text`` into the text field identified by ``locator``.</doc>
<msg timestamp="20230607 23:46:07.629" level="INFO">Typing text 'psarevandrej325@gmail.com' into text field 'id=sign-in__email'.</msg>
<status status="PASS" starttime="20230607 23:46:07.629" endtime="20230607 23:46:07.717"/>
</kw>
<kw name="Wait Until Element Is Visible" library="SeleniumLibrary">
<arg>id=sign-in__password</arg>
<doc>Waits until the element ``locator`` is visible.</doc>
<status status="PASS" starttime="20230607 23:46:07.718" endtime="20230607 23:46:07.735"/>
</kw>
<kw name="Input Password" library="SeleniumLibrary">
<arg>id=sign-in__password</arg>
<arg>Fylhtq2001!</arg>
<doc>Types the given password into the text field identified by ``locator``.</doc>
<msg timestamp="20230607 23:46:07.736" level="INFO">Typing password into text field 'id=sign-in__password'.</msg>
<msg timestamp="20230607 23:46:07.763" level="INFO">Temporally setting log level to: NONE</msg>
<msg timestamp="20230607 23:46:07.821" level="INFO">Log level changed from NONE to INFO.</msg>
<status status="PASS" starttime="20230607 23:46:07.735" endtime="20230607 23:46:07.821"/>
</kw>
<kw name="Wait Until Element Is Visible" library="SeleniumLibrary">
<arg>css=.form__button</arg>
<doc>Waits until the element ``locator`` is visible.</doc>
<status status="PASS" starttime="20230607 23:46:07.821" endtime="20230607 23:46:07.845"/>
</kw>
<kw name="Click Element" library="SeleniumLibrary">
<arg>css=.form__button</arg>
<doc>Click the element identified by ``locator``.</doc>
<msg timestamp="20230607 23:46:07.847" level="INFO">Clicking element 'css=.form__button'.</msg>
<status status="PASS" starttime="20230607 23:46:07.846" endtime="20230607 23:46:08.120"/>
</kw>
<kw name="Wait Until Element Is Visible" library="SeleniumLibrary">
<arg>link=Read more</arg>
<doc>Waits until the element ``locator`` is visible.</doc>
<status status="PASS" starttime="20230607 23:46:08.120" endtime="20230607 23:46:08.149"/>
</kw>
<kw name="Click Element" library="SeleniumLibrary">
<arg>link=Read more</arg>
<doc>Click the element identified by ``locator``.</doc>
<msg timestamp="20230607 23:46:08.150" level="INFO">Clicking element 'link=Read more'.</msg>
<status status="PASS" starttime="20230607 23:46:08.150" endtime="20230607 23:46:08.310"/>
</kw>
<kw name="Wait Until Element Is Visible" library="SeleniumLibrary">
<arg>css=.comment-form__textarea</arg>
<doc>Waits until the element ``locator`` is visible.</doc>
<status status="PASS" starttime="20230607 23:46:08.310" endtime="20230607 23:46:08.333"/>
</kw>
<kw name="Input Text" library="SeleniumLibrary">
<arg>css=.comment-form__textarea</arg>
<arg>new comment</arg>
<doc>Types the given ``text`` into the text field identified by ``locator``.</doc>
<msg timestamp="20230607 23:46:08.334" level="INFO">Typing text 'new comment' into text field 'css=.comment-form__textarea'.</msg>
<status status="PASS" starttime="20230607 23:46:08.333" endtime="20230607 23:46:08.408"/>
</kw>
<kw name="Wait Until Element Is Visible" library="SeleniumLibrary">
<arg>css=.comment-form__button:nth-child(1)</arg>
<doc>Waits until the element ``locator`` is visible.</doc>
<status status="PASS" starttime="20230607 23:46:08.409" endtime="20230607 23:46:08.429"/>
</kw>
<kw name="Click Element" library="SeleniumLibrary">
<arg>css=.comment-form__button:nth-child(1)</arg>
<doc>Click the element identified by ``locator``.</doc>
<msg timestamp="20230607 23:46:08.430" level="INFO">Clicking element 'css=.comment-form__button:nth-child(1)'.</msg>
<status status="PASS" starttime="20230607 23:46:08.429" endtime="20230607 23:46:08.653"/>
</kw>
<status status="PASS" starttime="20230607 23:46:03.856" endtime="20230607 23:46:08.654"/>
</test>
<test id="s1-t4" name="Successful Add Comment" line="60">
<kw name="Open Browser" library="SeleniumLibrary">
<arg>http://127.0.0.1:7000/</arg>
<arg>chrome</arg>
<doc>Opens a new browser instance to the optional ``url``.</doc>
<msg timestamp="20230607 23:46:08.656" level="INFO">Opening browser 'chrome' to base url 'http://127.0.0.1:7000/'.</msg>
<msg timestamp="20230607 23:46:08.674" level="INFO">Applicable driver not found; attempting to install with Selenium Manager (Beta)</msg>
<status status="PASS" starttime="20230607 23:46:08.656" endtime="20230607 23:46:12.494"/>
</kw>
<kw name="Set Window Size" library="SeleniumLibrary">
<arg>974</arg>
<arg>1040</arg>
<doc>Sets current windows size to given ``width`` and ``height``.</doc>
<status status="PASS" starttime="20230607 23:46:12.495" endtime="20230607 23:46:12.617"/>
</kw>
<kw name="Wait Until Page Contains Element" library="SeleniumLibrary">
<arg>link=Sign in</arg>
<doc>Waits until the element ``locator`` appears on the current page.</doc>
<status status="PASS" starttime="20230607 23:46:12.617" endtime="20230607 23:46:12.638"/>
</kw>
<kw name="Click Element" library="SeleniumLibrary">
<arg>link=Sign in</arg>
<doc>Click the element identified by ``locator``.</doc>
<msg timestamp="20230607 23:46:12.638" level="INFO">Clicking element 'link=Sign in'.</msg>
<status status="PASS" starttime="20230607 23:46:12.638" endtime="20230607 23:46:12.735"/>
</kw>
<kw name="Wait Until Page Contains Element" library="SeleniumLibrary">
<arg>id=sign-in__email</arg>
<doc>Waits until the element ``locator`` appears on the current page.</doc>
<status status="PASS" starttime="20230607 23:46:12.736" endtime="20230607 23:46:12.751"/>
</kw>
<kw name="Input Text" library="SeleniumLibrary">
<arg>id=sign-in__email</arg>
<arg>psarevandrej325@gmail.com</arg>
<doc>Types the given ``text`` into the text field identified by ``locator``.</doc>
<msg timestamp="20230607 23:46:12.752" level="INFO">Typing text 'psarevandrej325@gmail.com' into text field 'id=sign-in__email'.</msg>
<status status="PASS" starttime="20230607 23:46:12.751" endtime="20230607 23:46:12.895"/>
</kw>
<kw name="Wait Until Page Contains Element" library="SeleniumLibrary">
<arg>id=sign-in__password</arg>
<doc>Waits until the element ``locator`` appears on the current page.</doc>
<status status="PASS" starttime="20230607 23:46:12.896" endtime="20230607 23:46:12.907"/>
</kw>
<kw name="Input Password" library="SeleniumLibrary">
<arg>id=sign-in__password</arg>
<arg>Fylhtq2001!</arg>
<doc>Types the given password into the text field identified by ``locator``.</doc>
<msg timestamp="20230607 23:46:12.907" level="INFO">Typing password into text field 'id=sign-in__password'.</msg>
<msg timestamp="20230607 23:46:12.938" level="INFO">Temporally setting log level to: NONE</msg>
<msg timestamp="20230607 23:46:12.986" level="INFO">Log level changed from NONE to INFO.</msg>
<status status="PASS" starttime="20230607 23:46:12.907" endtime="20230607 23:46:12.987"/>
</kw>
<kw name="Wait Until Page Contains Element" library="SeleniumLibrary">
<arg>css=.form__button</arg>
<doc>Waits until the element ``locator`` appears on the current page.</doc>
<status status="PASS" starttime="20230607 23:46:12.987" endtime="20230607 23:46:12.999"/>
</kw>
<kw name="Click Element" library="SeleniumLibrary">
<arg>css=.form__button</arg>
<doc>Click the element identified by ``locator``.</doc>
<msg timestamp="20230607 23:46:13.000" level="INFO">Clicking element 'css=.form__button'.</msg>
<status status="PASS" starttime="20230607 23:46:13.000" endtime="20230607 23:46:13.314"/>
</kw>
<kw name="Wait Until Page Contains Element" library="SeleniumLibrary">
<arg>link=New post</arg>
<doc>Waits until the element ``locator`` appears on the current page.</doc>
<status status="PASS" starttime="20230607 23:46:13.314" endtime="20230607 23:46:13.335"/>
</kw>
<kw name="Click Element" library="SeleniumLibrary">
<arg>link=New post</arg>
<doc>Click the element identified by ``locator``.</doc>
<msg timestamp="20230607 23:46:13.336" level="INFO">Clicking element 'link=New post'.</msg>
<status status="PASS" starttime="20230607 23:46:13.335" endtime="20230607 23:46:13.503"/>
</kw>
<status status="PASS" starttime="20230607 23:46:08.655" endtime="20230607 23:46:13.505"/>
</test>
<test id="s1-t5" name="Successful Registration" line="81">
<kw name="Open Browser" library="SeleniumLibrary">
<arg>http://127.0.0.1:7000/</arg>
<arg>chrome</arg>
<doc>Opens a new browser instance to the optional ``url``.</doc>
<msg timestamp="20230607 23:46:13.512" level="INFO">Opening browser 'chrome' to base url 'http://127.0.0.1:7000/'.</msg>
<msg timestamp="20230607 23:46:13.532" level="INFO">Applicable driver not found; attempting to install with Selenium Manager (Beta)</msg>
<status status="PASS" starttime="20230607 23:46:13.511" endtime="20230607 23:46:17.414"/>
</kw>
<kw name="Set Window Size" library="SeleniumLibrary">
<arg>974</arg>
<arg>1040</arg>
<doc>Sets current windows size to given ``width`` and ``height``.</doc>
<status status="PASS" starttime="20230607 23:46:17.416" endtime="20230607 23:46:17.536"/>
</kw>
<kw name="Click Element" library="SeleniumLibrary">
<arg>css=.hero__button</arg>
<doc>Click the element identified by ``locator``.</doc>
<msg timestamp="20230607 23:46:17.539" level="INFO">Clicking element 'css=.hero__button'.</msg>
<status status="PASS" starttime="20230607 23:46:17.538" endtime="20230607 23:46:17.707"/>
</kw>
<kw name="Input Text" library="SeleniumLibrary">
<arg>id=sign-up__first-name</arg>
<arg>Andrei</arg>
<doc>Types the given ``text`` into the text field identified by ``locator``.</doc>
<msg timestamp="20230607 23:46:17.711" level="INFO">Typing text 'Andrei' into text field 'id=sign-up__first-name'.</msg>
<status status="PASS" starttime="20230607 23:46:17.710" endtime="20230607 23:46:17.886"/>
</kw>
<kw name="Input Text" library="SeleniumLibrary">
<arg>id=sign-up__last-name</arg>
<arg>Psarev</arg>
<doc>Types the given ``text`` into the text field identified by ``locator``.</doc>
<msg timestamp="20230607 23:46:17.888" level="INFO">Typing text 'Psarev' into text field 'id=sign-up__last-name'.</msg>
<status status="PASS" starttime="20230607 23:46:17.887" endtime="20230607 23:46:17.999"/>
</kw>
<kw name="Input Text" library="SeleniumLibrary">
<arg>id=sign-up__email</arg>
<arg>psarevandrej327@gmail.com</arg>
<doc>Types the given ``text`` into the text field identified by ``locator``.</doc>
<msg timestamp="20230607 23:46:18.000" level="INFO">Typing text 'psarevandrej327@gmail.com' into text field 'id=sign-up__email'.</msg>
<status status="PASS" starttime="20230607 23:46:17.999" endtime="20230607 23:46:18.112"/>
</kw>
<kw name="Input Password" library="SeleniumLibrary">
<arg>id=sign-up__password</arg>
<arg>Fylhtq2001!</arg>
<doc>Types the given password into the text field identified by ``locator``.</doc>
<msg timestamp="20230607 23:46:18.113" level="INFO">Typing password into text field 'id=sign-up__password'.</msg>
<msg timestamp="20230607 23:46:18.156" level="INFO">Temporally setting log level to: NONE</msg>
<msg timestamp="20230607 23:46:18.218" level="INFO">Log level changed from NONE to INFO.</msg>
<status status="PASS" starttime="20230607 23:46:18.113" endtime="20230607 23:46:18.219"/>
</kw>
<kw name="Input Password" library="SeleniumLibrary">
<arg>id=sign-up__confirm-password</arg>
<arg>Fylhtq2001!</arg>
<doc>Types the given password into the text field identified by ``locator``.</doc>
<msg timestamp="20230607 23:46:18.220" level="INFO">Typing password into text field 'id=sign-up__confirm-password'.</msg>
<msg timestamp="20230607 23:46:18.260" level="INFO">Temporally setting log level to: NONE</msg>
<msg timestamp="20230607 23:46:18.318" level="INFO">Log level changed from NONE to INFO.</msg>
<status status="PASS" starttime="20230607 23:46:18.219" endtime="20230607 23:46:18.319"/>
</kw>
<kw name="Click Element" library="SeleniumLibrary">
<arg>css=.form__button</arg>
<doc>Click the element identified by ``locator``.</doc>
<msg timestamp="20230607 23:46:18.320" level="INFO">Clicking element 'css=.form__button'.</msg>
<status status="PASS" starttime="20230607 23:46:18.319" endtime="20230607 23:46:18.533"/>
</kw>
<kw name="Click Element" library="SeleniumLibrary">
<arg>css=.alert__button</arg>
<doc>Click the element identified by ``locator``.</doc>
<msg timestamp="20230607 23:46:18.536" level="INFO">Clicking element 'css=.alert__button'.</msg>
<status status="PASS" starttime="20230607 23:46:18.535" endtime="20230607 23:46:18.578"/>
</kw>
<status status="PASS" starttime="20230607 23:46:13.511" endtime="20230607 23:46:18.578"/>
</test>
<status status="PASS" starttime="20230607 23:45:53.298" endtime="20230607 23:46:18.579"/>
</suite>
<statistics>
<total>
<stat pass="5" fail="0" skip="0">All Tests</stat>
</total>
<tag>
</tag>
<suite>
<stat pass="5" fail="0" skip="0" id="s1" name="File">File</stat>
</suite>
</statistics>
<errors>
</errors>
</robot>
